<?xml version="1.0" encoding="UTF-8"?>
<testng-results total="1" passed="1" failed="0" skipped="0">
  <reporter-output>
  </reporter-output>
  <suite started-at="2020-12-14T09:40:23Z" name="Suite" finished-at="2020-12-14T09:41:16Z" duration-ms="52373">
    <groups>
    </groups>
    <test started-at="2020-12-14T09:40:23Z" name="Test" finished-at="2020-12-14T09:41:16Z" duration-ms="52373">
      <class name="example.NewTest">
        <test-method signature="f()[pri:0, instance:example.NewTest@25084a1e]" started-at="2020-12-14T15:10:23Z" name="f" finished-at="2020-12-14T15:11:16Z" duration-ms="52365" status="PASS">
          <reporter-output>
          </reporter-output>
        </test-method> <!-- f -->
      </class> <!-- example.NewTest -->
    </test> <!-- Test -->
  </suite> <!-- Suite -->
</testng-results>
