<?xml version="1.0" encoding="UTF-8"?>
<testng-results skipped="0" failed="0" ignored="0" total="1" passed="1">
  <reporter-output>
  </reporter-output>
  <suite name="Suite" duration-ms="12439" started-at="2020-12-14T11:56:28 IST" finished-at="2020-12-14T11:56:41 IST">
    <groups>
    </groups>
    <test name="Test" duration-ms="12439" started-at="2020-12-14T11:56:28 IST" finished-at="2020-12-14T11:56:41 IST">
      <class name="example.NewTest">
        <test-method status="PASS" signature="f()[pri:0, instance:example.NewTest@1188e820]" name="f" duration-ms="12411" started-at="2020-12-14T11:56:28 IST" finished-at="2020-12-14T11:56:41 IST">
          <reporter-output>
          </reporter-output>
        </test-method> <!-- f -->
      </class> <!-- example.NewTest -->
    </test> <!-- Test -->
  </suite> <!-- Suite -->
</testng-results>
